2021-09-25 22:12:45,197 Creating converter from 3 to 5
2021-09-25 22:12:47,791  * Running on http://127.0.0.1:5000/ (Press CTRL+C to quit)
2021-09-25 22:13:25,606 127.0.0.1 - - [25/Sep/2021 22:13:25] "GET / HTTP/1.1" 200 -
2021-09-25 22:13:25,774 INFO : Reading Camera
2021-09-25 22:13:25,776 127.0.0.1 - - [25/Sep/2021 22:13:25] "[33mGET /app.js HTTP/1.1[0m" 404 -
2021-09-25 22:13:25,893 127.0.0.1 - - [25/Sep/2021 22:13:25] "GET /video_feed HTTP/1.1" 200 -
2021-09-25 22:13:25,896 INFO : Reading Camera
2021-09-25 22:13:28,367 127.0.0.1 - - [25/Sep/2021 22:13:28] "[36mGET /static/styles/styles.css HTTP/1.1[0m" 304 -
2021-09-25 22:13:28,379 127.0.0.1 - - [25/Sep/2021 22:13:28] "[36mGET /static/images/Behance.svg HTTP/1.1[0m" 304 -
2021-09-25 22:13:28,382 127.0.0.1 - - [25/Sep/2021 22:13:28] "[36mGET /static/images/Grey.svg HTTP/1.1[0m" 304 -
2021-09-25 22:13:28,390 127.0.0.1 - - [25/Sep/2021 22:13:28] "[36mGET /static/script/script.js HTTP/1.1[0m" 304 -
2021-09-25 22:13:28,392 127.0.0.1 - - [25/Sep/2021 22:13:28] "[36mGET /static/images/Instagram.svg HTTP/1.1[0m" 304 -
2021-09-25 22:13:28,397 127.0.0.1 - - [25/Sep/2021 22:13:28] "[36mGET /static/images/LinkedIn.svg HTTP/1.1[0m" 304 -
2021-09-25 22:13:28,460 127.0.0.1 - - [25/Sep/2021 22:13:28] "[36mGET /static/images/pluscity.jpg HTTP/1.1[0m" 304 -
2021-09-25 22:13:28,470 127.0.0.1 - - [25/Sep/2021 22:13:28] "[36mGET /static/fonts/MADE%20Soulmaze%20PERSONAL%20USE.otf HTTP/1.1[0m" 304 -
2021-09-25 22:13:28,474 127.0.0.1 - - [25/Sep/2021 22:13:28] "[36mGET /static/fonts/Helvetica-Font/Helvetica.ttf HTTP/1.1[0m" 304 -
2021-09-25 22:13:28,539 127.0.0.1 - - [25/Sep/2021 22:13:28] "[33mGET /app.js HTTP/1.1[0m" 404 -
2021-09-25 22:13:28,949 INFO : Reading Camera
2021-09-25 22:13:29,123 INFO : Reading Camera
2021-09-25 22:13:29,296 INFO : Reading Camera
2021-09-25 22:13:29,578 INFO : Reading Camera
2021-09-25 22:13:29,703 INFO : Reading Camera
2021-09-25 22:13:29,866 INFO : Reading Camera
2021-09-25 22:13:30,000 INFO : Reading Camera
2021-09-25 22:13:30,133 INFO : Reading Camera
2021-09-25 22:13:30,263 INFO : Reading Camera
2021-09-25 22:13:30,395 INFO : Reading Camera
2021-09-25 22:13:30,531 INFO : Reading Camera
2021-09-25 22:13:30,665 INFO : Reading Camera
2021-09-25 22:13:30,796 INFO : Reading Camera
2021-09-25 22:13:30,926 INFO : Reading Camera
2021-09-25 22:13:31,072 INFO : Reading Camera
2021-09-25 22:13:31,216 INFO : Reading Camera
2021-09-25 22:13:31,347 INFO : Reading Camera
2021-09-25 22:13:31,479 INFO : Reading Camera
2021-09-25 22:13:31,631 INFO : Reading Camera
2021-09-25 22:13:31,803 INFO : Reading Camera
2021-09-25 22:13:31,947 INFO : Reading Camera
2021-09-25 22:13:32,082 INFO : Reading Camera
2021-09-25 22:13:32,220 INFO : Reading Camera
2021-09-25 22:13:32,348 INFO : Reading Camera
2021-09-25 22:13:32,478 INFO : Reading Camera
2021-09-25 22:13:32,651 INFO : Reading Camera
2021-09-25 22:13:32,838 INFO : Reading Camera
2021-09-25 22:13:33,008 INFO : Reading Camera
2021-09-25 22:13:33,181 INFO : Reading Camera
2021-09-25 22:13:33,327 INFO : Reading Camera
2021-09-25 22:13:33,485 INFO : Reading Camera
2021-09-25 22:13:33,622 INFO : Reading Camera
2021-09-25 22:13:33,763 INFO : Reading Camera
2021-09-25 22:13:33,895 INFO : Reading Camera
2021-09-25 22:13:34,034 INFO : Reading Camera
2021-09-25 22:13:34,181 INFO : Reading Camera
2021-09-25 22:13:34,327 INFO : Reading Camera
2021-09-25 22:13:34,480 INFO : Reading Camera
2021-09-25 22:13:34,619 INFO : Reading Camera
2021-09-25 22:13:34,754 INFO : Reading Camera
2021-09-25 22:13:34,915 INFO : Reading Camera
2021-09-25 22:13:35,084 INFO : Reading Camera
2021-09-25 22:13:35,275 INFO : Reading Camera
2021-09-25 22:13:35,451 INFO : Reading Camera
2021-09-25 22:13:35,612 INFO : Reading Camera
2021-09-25 22:13:35,752 INFO : Reading Camera
2021-09-25 22:13:35,887 INFO : Reading Camera
2021-09-25 22:13:36,022 INFO : Reading Camera
2021-09-25 22:13:36,161 INFO : Reading Camera
2021-09-25 22:13:36,306 INFO : Reading Camera
2021-09-25 22:13:36,477 INFO : Reading Camera
2021-09-25 22:13:36,641 INFO : Reading Camera
2021-09-25 22:13:36,837 INFO : Reading Camera
2021-09-25 22:13:37,004 INFO : Reading Camera
2021-09-25 22:13:37,173 INFO : Reading Camera
2021-09-25 22:13:37,334 INFO : Reading Camera
2021-09-25 22:13:37,484 INFO : Reading Camera
2021-09-25 22:13:37,535 INFO : Reading Camera
2021-09-25 22:13:37,586 INFO : Reading Camera
2021-09-25 22:13:37,717 INFO : Reading Camera
2021-09-25 22:13:37,765 INFO : Reading Camera
2021-09-25 22:13:37,846 INFO : Reading Camera
2021-09-25 22:13:37,909 INFO : Reading Camera
2021-09-25 22:13:38,043 INFO : Reading Camera
2021-09-25 22:13:38,102 INFO : Reading Camera
2021-09-25 22:13:38,166 INFO : Reading Camera
2021-09-25 22:13:38,245 INFO : Reading Camera
2021-09-25 22:13:38,310 INFO : Reading Camera
2021-09-25 22:13:38,434 INFO : Reading Camera
2021-09-25 22:13:38,483 INFO : Reading Camera
2021-09-25 22:13:38,615 INFO : Reading Camera
2021-09-25 22:13:38,660 INFO : Reading Camera
2021-09-25 22:13:38,791 INFO : Reading Camera
2021-09-25 22:13:38,923 INFO : Reading Camera
2021-09-25 22:13:39,115 INFO : Reading Camera
2021-09-25 22:13:39,261 INFO : Reading Camera
2021-09-25 22:13:39,404 INFO : Reading Camera
2021-09-25 22:13:39,570 INFO : Reading Camera
2021-09-25 22:13:39,716 INFO : Reading Camera
2021-09-25 22:13:39,889 INFO : Reading Camera
2021-09-25 22:13:47,835 INFO : Reading Camera
2021-09-25 22:13:48,131 127.0.0.1 - - [25/Sep/2021 22:13:48] "GET /video_feed HTTP/1.1" 200 -
2021-09-25 22:13:48,132 INFO : Reading Camera
2021-09-25 22:13:48,291 INFO : Reading Camera
2021-09-25 22:13:48,508 INFO : Reading Camera
2021-09-25 22:13:48,721 INFO : Reading Camera
2021-09-25 22:13:48,931 INFO : Reading Camera
2021-09-25 22:13:49,112 INFO : Reading Camera
2021-09-25 22:13:49,260 INFO : Reading Camera
2021-09-25 22:13:49,402 INFO : Reading Camera
2021-09-25 22:13:49,552 INFO : Reading Camera
2021-09-25 22:13:49,713 INFO : Reading Camera
2021-09-25 22:13:49,869 INFO : Reading Camera
2021-09-25 22:13:50,051 INFO : Reading Camera
2021-09-25 22:13:50,176 INFO : Reading Camera
2021-09-25 22:13:50,330 INFO : Reading Camera
2021-09-25 22:13:50,462 INFO : Reading Camera
2021-09-25 22:13:50,592 INFO : Reading Camera
2021-09-25 22:13:50,722 INFO : Reading Camera
2021-09-25 22:13:50,862 INFO : Reading Camera
2021-09-25 22:13:51,009 INFO : Reading Camera
2021-09-25 22:13:51,145 INFO : Reading Camera
2021-09-25 22:13:51,300 INFO : Reading Camera
2021-09-25 22:13:51,445 INFO : Reading Camera
2021-09-25 22:13:51,578 INFO : Reading Camera
2021-09-25 22:13:51,709 INFO : Reading Camera
2021-09-25 22:13:51,846 INFO : Reading Camera
2021-09-25 22:13:51,985 INFO : Reading Camera
2021-09-25 22:13:52,153 INFO : Reading Camera
2021-09-25 22:13:52,310 INFO : Reading Camera
2021-09-25 22:13:52,513 INFO : Reading Camera
2021-09-25 22:13:52,691 INFO : Reading Camera
2021-09-25 22:13:52,862 INFO : Reading Camera
2021-09-25 22:13:53,030 INFO : Reading Camera
2021-09-25 22:13:53,189 INFO : Reading Camera
2021-09-25 22:13:53,331 INFO : Reading Camera
2021-09-25 22:13:53,465 INFO : Reading Camera
2021-09-25 22:13:53,639 INFO : Reading Camera
2021-09-25 22:13:53,800 INFO : Reading Camera
2021-09-25 22:13:53,963 INFO : Reading Camera
2021-09-25 22:13:54,138 INFO : Reading Camera
2021-09-25 22:13:54,311 INFO : Reading Camera
2021-09-25 22:13:54,472 INFO : Reading Camera
2021-09-25 22:13:54,633 INFO : Reading Camera
2021-09-25 22:13:54,801 INFO : Reading Camera
2021-09-25 22:13:54,972 INFO : Reading Camera
2021-09-25 22:13:55,152 INFO : Reading Camera
2021-09-25 22:13:55,313 INFO : Reading Camera
2021-09-25 22:13:55,469 INFO : Reading Camera
2021-09-25 22:13:55,621 INFO : Reading Camera
2021-09-25 22:13:55,758 INFO : Reading Camera
2021-09-25 22:13:55,894 INFO : Reading Camera
2021-09-25 22:13:56,046 INFO : Reading Camera
2021-09-25 22:13:56,180 INFO : Reading Camera
2021-09-25 22:13:56,315 INFO : Reading Camera
2021-09-25 22:13:56,504 INFO : Reading Camera
2021-09-25 22:13:56,658 INFO : Reading Camera
2021-09-25 22:13:56,714 INFO : Reading Camera
2021-09-25 22:13:56,865 INFO : Reading Camera
2021-09-25 22:13:57,060 INFO : Reading Camera
2021-09-25 22:13:57,249 INFO : Reading Camera
2021-09-25 22:13:57,305 INFO : Reading Camera
2021-09-25 22:13:57,464 INFO : Reading Camera
2021-09-25 22:13:57,603 INFO : Reading Camera
2021-09-25 22:13:57,652 INFO : Reading Camera
2021-09-25 22:13:57,797 INFO : Reading Camera
2021-09-25 22:13:57,944 INFO : Reading Camera
2021-09-25 22:13:58,092 INFO : Reading Camera
2021-09-25 22:13:58,224 INFO : Reading Camera
2021-09-25 22:13:58,358 INFO : Reading Camera
2021-09-25 22:13:58,489 INFO : Reading Camera
2021-09-25 22:13:58,622 INFO : Reading Camera
2021-09-25 22:13:58,753 INFO : Reading Camera
2021-09-25 22:13:58,912 INFO : Reading Camera
2021-09-25 22:13:59,088 INFO : Reading Camera
2021-09-25 22:13:59,216 INFO : Reading Camera
2021-09-25 22:13:59,355 INFO : Reading Camera
2021-09-25 22:13:59,485 INFO : Reading Camera
2021-09-25 22:13:59,614 INFO : Reading Camera
2021-09-25 22:13:59,750 INFO : Reading Camera
2021-09-25 22:13:59,884 INFO : Reading Camera
2021-09-25 22:14:00,029 INFO : Reading Camera
2021-09-25 22:14:00,185 INFO : Reading Camera
2021-09-25 22:14:00,321 INFO : Reading Camera
2021-09-25 22:14:00,465 INFO : Reading Camera
2021-09-25 22:14:00,616 INFO : Reading Camera
2021-09-25 22:14:00,755 INFO : Reading Camera
2021-09-25 22:14:00,888 INFO : Reading Camera
2021-09-25 22:14:01,038 INFO : Reading Camera
2021-09-25 22:14:01,190 INFO : Reading Camera
2021-09-25 22:14:01,335 INFO : Reading Camera
2021-09-25 22:14:01,480 INFO : Reading Camera
2021-09-25 22:14:01,607 INFO : Reading Camera
2021-09-25 22:14:01,739 INFO : Reading Camera
2021-09-25 22:14:01,871 INFO : Reading Camera
2021-09-25 22:14:02,030 INFO : Reading Camera
2021-09-25 22:14:02,168 INFO : Reading Camera
2021-09-25 22:14:02,308 INFO : Reading Camera
2021-09-25 22:14:02,466 INFO : Reading Camera
2021-09-25 22:14:02,610 INFO : Reading Camera
2021-09-25 22:14:02,748 INFO : Reading Camera
2021-09-25 22:14:02,893 INFO : Reading Camera
2021-09-25 22:14:03,037 INFO : Reading Camera
2021-09-25 22:14:03,172 INFO : Reading Camera
2021-09-25 22:14:03,304 INFO : Reading Camera
2021-09-25 22:14:03,434 INFO : Reading Camera
2021-09-25 22:14:03,566 INFO : Reading Camera
2021-09-25 22:14:03,695 INFO : Reading Camera
2021-09-25 22:14:03,822 INFO : Reading Camera
2021-09-25 22:14:03,948 INFO : Reading Camera
2021-09-25 22:14:04,083 INFO : Reading Camera
2021-09-25 22:14:04,210 INFO : Reading Camera
2021-09-25 22:14:04,339 INFO : Reading Camera
2021-09-25 22:14:04,469 INFO : Reading Camera
2021-09-25 22:14:04,607 INFO : Reading Camera
2021-09-25 22:14:04,738 INFO : Reading Camera
2021-09-25 22:14:04,869 INFO : Reading Camera
2021-09-25 22:14:05,002 INFO : Reading Camera
2021-09-25 22:14:05,138 INFO : Reading Camera
2021-09-25 22:14:05,267 INFO : Reading Camera
2021-09-25 22:14:05,404 INFO : Reading Camera
2021-09-25 22:14:05,547 INFO : Reading Camera
2021-09-25 22:14:05,693 INFO : Reading Camera
2021-09-25 22:14:05,822 INFO : Reading Camera
2021-09-25 22:14:05,955 INFO : Reading Camera
2021-09-25 22:14:06,096 INFO : Reading Camera
2021-09-25 22:14:06,224 INFO : Reading Camera
2021-09-25 22:14:06,355 INFO : Reading Camera
2021-09-25 22:14:06,497 INFO : Reading Camera
2021-09-25 22:14:06,630 INFO : Reading Camera
2021-09-25 22:14:06,765 INFO : Reading Camera
2021-09-25 22:14:06,897 INFO : Reading Camera
2021-09-25 22:14:07,037 INFO : Reading Camera
2021-09-25 22:14:07,166 INFO : Reading Camera
2021-09-25 22:14:07,297 INFO : Reading Camera
2021-09-25 22:14:07,422 INFO : Reading Camera
2021-09-25 22:14:07,582 INFO : Reading Camera
2021-09-25 22:14:07,748 INFO : Reading Camera
2021-09-25 22:14:07,916 INFO : Reading Camera
2021-09-25 22:14:08,086 INFO : Reading Camera
2021-09-25 22:14:08,230 INFO : Reading Camera
2021-09-25 22:14:08,420 INFO : Reading Camera
2021-09-25 22:14:14,187 INFO : Reading Camera
2021-09-25 22:14:14,498 127.0.0.1 - - [25/Sep/2021 22:14:14] "GET /video_feed HTTP/1.1" 200 -
2021-09-25 22:14:14,499 INFO : Reading Camera
2021-09-25 22:14:14,756 INFO : Reading Camera
2021-09-25 22:14:15,025 INFO : Reading Camera
2021-09-25 22:14:15,186 INFO : Reading Camera
2021-09-25 22:14:15,344 INFO : Reading Camera
2021-09-25 22:14:15,510 INFO : Reading Camera
2021-09-25 22:14:15,668 INFO : Reading Camera
2021-09-25 22:14:15,835 INFO : Reading Camera
2021-09-25 22:14:16,022 INFO : Reading Camera
2021-09-25 22:14:16,199 INFO : Reading Camera
2021-09-25 22:14:16,358 INFO : Reading Camera
2021-09-25 22:14:16,503 INFO : Reading Camera
2021-09-25 22:14:16,651 INFO : Reading Camera
2021-09-25 22:14:16,805 INFO : Reading Camera
2021-09-25 22:14:16,947 INFO : Reading Camera
2021-09-25 22:14:17,088 INFO : Reading Camera
2021-09-25 22:14:17,229 INFO : Reading Camera
2021-09-25 22:14:17,371 INFO : Reading Camera
2021-09-25 22:14:17,498 INFO : Reading Camera
2021-09-25 22:14:17,647 INFO : Reading Camera
2021-09-25 22:14:17,818 INFO : Reading Camera
2021-09-25 22:14:17,997 INFO : Reading Camera
2021-09-25 22:14:18,182 INFO : Reading Camera
2021-09-25 22:14:18,364 INFO : Reading Camera
2021-09-25 22:14:18,522 INFO : Reading Camera
2021-09-25 22:14:18,684 INFO : Reading Camera
2021-09-25 22:14:18,846 INFO : Reading Camera
2021-09-25 22:14:18,992 INFO : Reading Camera
2021-09-25 22:14:19,126 INFO : Reading Camera
2021-09-25 22:14:19,257 INFO : Reading Camera
2021-09-25 22:14:19,394 INFO : Reading Camera
2021-09-25 22:14:19,524 INFO : Reading Camera
2021-09-25 22:14:19,656 INFO : Reading Camera
2021-09-25 22:14:19,791 INFO : Reading Camera
2021-09-25 22:14:19,924 INFO : Reading Camera
2021-09-25 22:14:20,065 INFO : Reading Camera
2021-09-25 22:14:20,202 INFO : Reading Camera
2021-09-25 22:14:20,336 INFO : Reading Camera
2021-09-25 22:14:20,475 INFO : Reading Camera
2021-09-25 22:14:20,606 INFO : Reading Camera
2021-09-25 22:14:20,735 INFO : Reading Camera
2021-09-25 22:14:20,866 INFO : Reading Camera
2021-09-25 22:14:20,996 INFO : Reading Camera
2021-09-25 22:14:21,139 INFO : Reading Camera
2021-09-25 22:14:21,280 INFO : Reading Camera
2021-09-25 22:14:21,430 INFO : Reading Camera
2021-09-25 22:14:21,572 INFO : Reading Camera
2021-09-25 22:14:21,723 INFO : Reading Camera
2021-09-25 22:14:21,889 INFO : Reading Camera
2021-09-25 22:14:22,051 INFO : Reading Camera
2021-09-25 22:14:22,195 INFO : Reading Camera
2021-09-25 22:14:22,332 INFO : Reading Camera
2021-09-25 22:14:22,485 INFO : Reading Camera
2021-09-25 22:14:22,613 INFO : Reading Camera
2021-09-25 22:14:22,743 INFO : Reading Camera
2021-09-25 22:14:22,874 INFO : Reading Camera
2021-09-25 22:14:23,009 INFO : Reading Camera
2021-09-25 22:14:23,147 INFO : Reading Camera
2021-09-25 22:14:23,282 INFO : Reading Camera
2021-09-25 22:14:23,433 INFO : Reading Camera
2021-09-25 22:14:23,567 INFO : Reading Camera
2021-09-25 22:14:23,697 INFO : Reading Camera
2021-09-25 22:14:23,829 INFO : Reading Camera
2021-09-25 22:14:23,960 INFO : Reading Camera
2021-09-25 22:14:24,088 INFO : Reading Camera
2021-09-25 22:14:24,225 INFO : Reading Camera
2021-09-25 22:14:24,362 INFO : Reading Camera
2021-09-25 22:14:24,500 INFO : Reading Camera
2021-09-25 22:14:24,628 INFO : Reading Camera
2021-09-25 22:14:24,762 INFO : Reading Camera
2021-09-25 22:14:24,898 INFO : Reading Camera
2021-09-25 22:14:25,032 INFO : Reading Camera
2021-09-25 22:14:25,161 INFO : Reading Camera
2021-09-25 22:14:25,291 INFO : Reading Camera
2021-09-25 22:14:25,430 INFO : Reading Camera
2021-09-25 22:14:25,569 INFO : Reading Camera
2021-09-25 22:14:25,703 INFO : Reading Camera
2021-09-25 22:14:25,834 INFO : Reading Camera
2021-09-25 22:14:25,963 INFO : Reading Camera
2021-09-25 22:14:26,097 INFO : Reading Camera
2021-09-25 22:14:26,231 INFO : Reading Camera
2021-09-25 22:14:26,392 INFO : Reading Camera
2021-09-25 22:14:26,542 INFO : Reading Camera
2021-09-25 22:14:26,727 INFO : Reading Camera
2021-09-25 22:14:26,870 INFO : Reading Camera
2021-09-25 22:14:27,009 INFO : Reading Camera
2021-09-25 22:14:27,153 INFO : Reading Camera
2021-09-25 22:14:27,291 INFO : Reading Camera
2021-09-25 22:14:27,440 INFO : Reading Camera
2021-09-25 22:14:27,577 INFO : Reading Camera
2021-09-25 22:14:27,711 INFO : Reading Camera
2021-09-25 22:14:27,872 INFO : Reading Camera
2021-09-25 22:14:28,011 INFO : Reading Camera
2021-09-25 22:14:28,285 INFO : Reading Camera
2021-09-25 22:14:28,420 INFO : Reading Camera
2021-09-25 22:14:28,560 INFO : Reading Camera
2021-09-25 22:14:28,694 INFO : Reading Camera
2021-09-25 22:14:28,829 INFO : Reading Camera
2021-09-25 22:14:28,956 INFO : Reading Camera
2021-09-25 22:14:29,100 INFO : Reading Camera
2021-09-25 22:14:29,225 INFO : Reading Camera
2021-09-25 22:14:29,355 INFO : Reading Camera
2021-09-25 22:14:29,522 INFO : Reading Camera
2021-09-25 22:14:29,659 INFO : Reading Camera
2021-09-25 22:14:29,784 INFO : Reading Camera
2021-09-25 22:14:29,923 INFO : Reading Camera
2021-09-25 22:14:30,063 INFO : Reading Camera
2021-09-25 22:14:30,214 INFO : Reading Camera
2021-09-25 22:14:30,338 INFO : Reading Camera
2021-09-25 22:14:30,390 INFO : Reading Camera
2021-09-25 22:14:30,469 INFO : Reading Camera
2021-09-25 22:14:30,534 INFO : Reading Camera
2021-09-25 22:14:30,597 INFO : Reading Camera
2021-09-25 22:14:30,661 INFO : Reading Camera
2021-09-25 22:14:30,725 INFO : Reading Camera
2021-09-25 22:14:30,789 INFO : Reading Camera
2021-09-25 22:14:30,869 INFO : Reading Camera
2021-09-25 22:14:30,933 INFO : Reading Camera
2021-09-25 22:14:30,997 INFO : Reading Camera
2021-09-25 22:14:31,061 INFO : Reading Camera
2021-09-25 22:14:31,126 INFO : Reading Camera
2021-09-25 22:14:31,189 INFO : Reading Camera
